<?xml version="1.0" encoding="UTF-8"?>
<!-- Generated by org.testng.reporters.JUnitReportReporter -->
<testsuite hostname="DESKTOP-O5BDQNS" failures="0" tests="1" name="practisetest.HomePageTest" time="12.279" errors="0" timestamp="2024-08-29T10:47:57 IST" skipped="0">
  <testcase classname="practisetest.HomePageTest" name="method" time="12.279"/>
</testsuite> <!-- practisetest.HomePageTest -->
