<?xml version="1.0" encoding="UTF-8"?>
<!-- Generated by org.testng.reporters.JUnitReportReporter -->
<testsuite hostname="DESKTOP-O5BDQNS" failures="0" tests="1" name="practisetest.AgeCalculatorTest" time="10.401" errors="0" timestamp="2024-08-29T16:04:18 IST" skipped="0">
  <testcase classname="practisetest.AgeCalculatorTest" name="calculateAgeTest" time="10.401"/>
</testsuite> <!-- practisetest.AgeCalculatorTest -->
