<?xml version="1.0" encoding="UTF-8"?>
<!-- Generated by org.testng.reporters.JUnitReportReporter -->
<testsuite hostname="DESKTOP-O5BDQNS" failures="0" tests="1" name="test.PractiseTest" time="11.325" errors="0" timestamp="2024-08-26T19:07:12 IST" skipped="0">
  <testcase classname="test.PractiseTest" name="method" time="11.325"/>
</testsuite> <!-- test.PractiseTest -->
