<?xml version="1.0" encoding="UTF-8"?>
<!-- Generated by org.testng.reporters.JUnitReportReporter -->
<testsuite hostname="DESKTOP-O5BDQNS" failures="0" tests="1" name="practisetest.PaymentFormTest" time="12.473" errors="0" timestamp="2024-08-29T12:42:51 IST" skipped="0">
  <testcase classname="practisetest.PaymentFormTest" name="paymentFormDetails" time="12.473"/>
</testsuite> <!-- practisetest.PaymentFormTest -->
