<?xml version="1.0" encoding="UTF-8"?>
<!-- Generated by org.testng.reporters.JUnitReportReporter -->
<testsuite hostname="DESKTOP-O5BDQNS" failures="0" tests="1" name="practisetest.ContactFormPageTest" time="10.513" errors="0" timestamp="2024-08-29T12:47:56 IST" skipped="0">
  <testcase classname="practisetest.ContactFormPageTest" name="contactDeatils" time="10.513"/>
</testsuite> <!-- practisetest.ContactFormPageTest -->
