<?xml version="1.0" encoding="UTF-8"?>
<!-- Generated by org.testng.reporters.JUnitReportReporter -->
<testsuite hostname="DESKTOP-O5BDQNS" failures="0" tests="1" name="practisetest.SurveyFormPageTest" time="13.106" errors="0" timestamp="2024-08-29T15:38:35 IST" skipped="0">
  <testcase classname="practisetest.SurveyFormPageTest" name="SurveyFormPageTest" time="13.106"/>
</testsuite> <!-- practisetest.SurveyFormPageTest -->
