<?xml version="1.0" encoding="UTF-8"?>
<!-- Generated by org.testng.reporters.JUnitReportReporter -->
<testsuite hostname="DESKTOP-O5BDQNS" failures="0" tests="1" name="practisetest.AlertPageTest" time="18.053" errors="0" timestamp="2024-09-27T20:22:53 IST" skipped="0">
  <testcase classname="practisetest.AlertPageTest" name="alertTest" time="18.053"/>
</testsuite> <!-- practisetest.AlertPageTest -->
